<?xml version="1.0" encoding="UTF-8"?>
<!-- Generated by org.testng.reporters.JUnitReportReporter -->
<testsuite hostname="DESKTOP-T4H9A7M" failures="0" tests="1" name="com.assignment.pages.TestClass" time="0.028" errors="0" timestamp="8 Mar 2023 14:33:53 GMT">
  <testcase classname="com.assignment.pages.TestClass" name="main" time="0.028"/>
</testsuite> <!-- com.assignment.pages.TestClass -->
