<?xml version="1.0" encoding="UTF-8"?>
<!-- Generated by org.testng.reporters.JUnitReportReporter -->
<testsuite hostname="DESKTOP-T4H9A7M" failures="0" tests="1" name="com.assignment.runner.RunCukesTest" time="58.197" errors="0" timestamp="8 Mar 2023 17:02:03 GMT">
  <testcase classname="com.assignment.runner.RunCukesTest" name="feature" time="58.197"/>
</testsuite> <!-- com.assignment.runner.RunCukesTest -->
